  bash arg: -p
  bash arg: com.xiaomi.smarthome
  bash arg: -s
  bash arg: 2333
  bash arg: --pct-touch
  bash arg: 70
  bash arg: --pct-motion
  bash arg: 30
  bash arg: --ignore-crashes
  bash arg: --ignore-timeouts
  bash arg: --monitor-native-crashes
  bash arg: --throttle
  bash arg: 200
  bash arg: -v
  bash arg: -v
  bash arg: -v
  bash arg: 5000
:Monkey: seed=2333 count=5000
:AllowPackage: com.xiaomi.smarthome
:IncludeCategory: android.intent.category.LAUNCHER
:IncludeCategory: android.intent.category.MONKEY
// Selecting main activities from category android.intent.category.LAUNCHER
//   - NOT USING main activity com.android.browser.BrowserActivity (from package com.android.browser)
//   - NOT USING main activity com.android.calendar.homepage.AllInOneActivity (from package com.android.calendar)
//   - NOT USING main activity com.android.camera.Camera (from package com.android.camera)
//   - NOT USING main activity com.android.contacts.activities.PeopleActivity (from package com.android.contacts)
//   - NOT USING main activity com.android.contacts.activities.TwelveKeyDialer (from package com.android.contacts)
//   - NOT USING main activity com.android.deskclock.DeskClockTabActivity (from package com.android.deskclock)
//   - NOT USING main activity com.android.email.activity.Welcome (from package com.android.email)
//   - NOT USING main activity com.android.fileexplorer.FileExplorerTabActivity (from package com.android.fileexplorer)
//   - NOT USING main activity com.android.mms.ui.MmsTabActivity (from package com.android.mms)
//   - NOT USING main activity com.android.settings.MainSettings (from package com.android.settings)
//   - NOT USING main activity com.android.thememanager.ThemeResourceTabActivity (from package com.android.thememanager)
//   - NOT USING main activity com.mipay.wallet.ui.MipayEntryActivity (from package com.mipay.wallet)
//   - NOT USING main activity com.miui.calculator.cal.CalculatorActivity (from package com.miui.calculator)
//   - NOT USING main activity com.miui.gallery.activity.HomePageActivity (from package com.miui.gallery)
//   - NOT USING main activity com.miui.notes.ui.NotesListActivity (from package com.miui.notes)
//   - NOT USING main activity com.miui.weather2.ActivityWeatherMain (from package com.miui.weather2)
//   - NOT USING main activity com.xiaomi.market.ui.MarketTabActivity (from package com.xiaomi.market)
//   - NOT USING main activity com.xiaomi.scanner.app.ScanActivity (from package com.xiaomi.scanner)
//   - NOT USING main activity com.android.vending.AssetBrowserActivity (from package com.android.vending)
//   - NOT USING main activity com.hzy.tvmao.view.activity.StartActivity (from package com.kookong.app)
//   - NOT USING main activity com.qdtevc.teld.app.activity.StartActivity (from package com.qdtevc.teld.app)
//   - NOT USING main activity com.tencent.pangu.link.SplashActivity (from package com.tencent.android.qqdownloader)
//   - NOT USING main activity com.xiaomi.jr.SplashActivity (from package com.xiaomi.jr)
//   - NOT USING main activity com.android.providers.downloads.ui.DownloadList (from package com.android.providers.downloads.ui)
//   - NOT USING main activity com.android.soundrecorder.SoundRecorder (from package com.android.soundrecorder)
//   - NOT USING main activity com.miui.bugreport.ui.MainTabActivity (from package com.miui.bugreport)
//   - NOT USING main activity com.miui.compass.CompassActivity (from package com.miui.compass)
//   - NOT USING main activity com.miui.player.ui.MusicBrowserActivity (from package com.miui.player)
//   - NOT USING main activity com.miui.screenrecorder.activity.ScreenRecorderHomeActivity (from package com.miui.screenrecorder)
//   - NOT USING main activity com.miui.securityscan.MainActivity (from package com.miui.securitycenter)
//   - NOT USING main activity com.miui.video.HomeActivity (from package com.miui.video)
//   - NOT USING main activity com.miui.virtualsim.ui.MainActivity (from package com.miui.virtualsim)
//   - NOT USING main activity com.xiaomi.voiceassistant.LauncherRouterActivity (from package com.miui.voiceassist)
//   - NOT USING main activity com.xiaomi.gamecenter.ui.MainTabActivity (from package com.xiaomi.gamecenter)
//   - NOT USING main activity com.xiaomi.vipaccount.ui.home.AccountHomeActivity (from package com.xiaomi.vipaccount)
//   - NOT USING main activity cc.fotoplace.app.ui.InitActivity (from package cc.fotoplace.app)
//   - NOT USING main activity cn.wps.moffice.documentmanager.PreStartActivity (from package cn.wps.moffice_eng)
//   - NOT USING main activity com.autonavi.map.activity.SplashActivity (from package com.autonavi.minimap)
//   - NOT USING main activity com.arcsoft.closeli.SplashActivity (from package com.cmcc.hemuyi)
//   - NOT USING main activity com.xiaomi.mitv.phone.remotecontroller.HoriWidgetMainActivityV2 (from package com.duokan.phone.remotecontroller)
//   - NOT USING main activity com.eg.android.AlipayGphone.AlipayLogin (from package com.eg.android.AlipayGphone)
//   - NOT USING main activity com.ihaozhuo.youjiankang.view.Login.activity.SplashActivity (from package com.ihaozhuo.youjiankang)
//   - NOT USING main activity md51611fe701fee37e2bb6362a6356aff7b.SplashActivity (from package com.lumiunited.aqara)
//   - NOT USING main activity com.lumiunited.aqara.main.SplashActivity (from package com.lumiunited.aqarahome)
//   - NOT USING main activity md51611fe701fee37e2bb6362a6356aff7b.SplashActivity (from package com.lumiunited.lumihome)
//   - NOT USING main activity com.mi.misupport.activity.MainActivity (from package com.mi.misupport)
//   - NOT USING main activity com.mi.vtalk.business.MiVTalkMainActivity (from package com.mi.vtalk)
//   - NOT USING main activity com.mining.cloud.McldActivitySignIn (from package com.mining.app.henteka)
//   - NOT USING main activity com.miui.miuibbs.activity.WelcomeActivity (from package com.miui.miuibbs)
//   - NOT USING main activity com.mt.mtxx.mtxx.TopViewActivity (from package com.mt.mtxx.mtxx)
//   - NOT USING main activity com.netease.edu.ucmooc.activity.ActivityWelcome (from package com.netease.edu.ucmooc)
//   - NOT USING main activity com.nxp.nfc_demo.activities.SplashActivity (from package com.nxp.ntagi2cdemo)
//   - NOT USING main activity com.qihoo.browser.launcher.LauncherActivity (from package com.qihoo.browser)
//   - NOT USING main activity com.qihoo360.mobilesafe.ui.index.AppEnterActivity (from package com.qihoo360.mobilesafe)
//   - NOT USING main activity com.ruler.csw.activity.MainActivity (from package com.ruler.csw)
//   - NOT USING main activity com.sankuai.meituan.activity.Welcome (from package com.sankuai.meituan)
//   - NOT USING main activity com.didi.sdk.app.DidiLoadDexActivity (from package com.sdu.didi.psnger)
//   - NOT USING main activity com.shanbay.words.startup.SplashActivity (from package com.shanbay.words)
//   - NOT USING main activity com.smartisanos.smartfolder.aoa.MainActivity (from package com.smartisanos.smartfolder.aoa)
//   - NOT USING main activity com.ss.android.article.news.activity.SplashBadgeActivity (from package com.ss.android.article.news)
//   - NOT USING main activity com.tc.cm.activity.CMCoverActivity (from package com.tc.cm)
//   - NOT USING main activity com.tencent.mm.ui.LauncherUI (from package com.tencent.mm)
//   - NOT USING main activity com.tencent.mobileqq.activity.SplashActivity (from package com.tencent.mobileqq)
//   - NOT USING main activity com.tencent.qqmusic.activity.AppStarterActivity (from package com.tencent.qqmusic)
//   - NOT USING main activity com.tiqiaa.icontrol.WelcomeActivity (from package com.tiqiaa.icontrol)
//   - NOT USING main activity com.tjstudy.wifidemo.MainActivity (from package com.tjstudy.wifidemo)
//   - NOT USING main activity com.wuba.activity.launch.LaunchActivity (from package com.wuba)
//   - NOT USING main activity com.xiaomi.channel.ui.ChannelLauncherActivity (from package com.xiaomi.channel)
//   - NOT USING main activity com.xiaomi.hm.health.activity.StartUpActivity (from package com.xiaomi.hm.health)
//   - NOT USING main activity com.xiaomi.mimobile.activity.XiaomiMobileMainActivity (from package com.xiaomi.mimobile)
//   - NOT USING main activity com.xiaomi.mitv.phone.tvassistant.MainActivityV2 (from package com.xiaomi.mitv.phone.tvassistant)
//   - NOT USING main activity com.xiaomi.o2o.activity.O2OTabActivity (from package com.xiaomi.o2o)
//   - NOT USING main activity com.xiaomi.router.module.splash.SplashActivity (from package com.xiaomi.router)
//   - NOT USING main activity com.xiaomi.shop.activity.MainTabActivity (from package com.xiaomi.shop)
//   + Using main activity com.xiaomi.smarthome.SmartHomeMainActivity (from package com.xiaomi.smarthome)
//   - NOT USING main activity com.xiaomi.youpin.activity.SplashActivity (from package com.xiaomi.youpin)
//   - NOT USING main activity fm.xiami.main.SplashActivity (from package fm.xiami.main)
//   - NOT USING main activity com.ihealth.aijiakang.ui.user.User_Welcome (from package iHealth.AiJiaKang.MI)
//   - NOT USING main activity net.kosev.rulering.MainActivity (from package net.kosev.rulering)
//   - NOT USING main activity ohdroid.com.testgo.MainActivity (from package ohdroid.com.testgo)
// Selecting main activities from category android.intent.category.MONKEY
//   - NOT USING main activity com.android.quicksearchbox.SearchActivity (from package com.android.quicksearchbox)
//   - NOT USING main activity com.android.settings.Settings$RunningServicesActivity (from package com.android.settings)
//   - NOT USING main activity com.android.settings.Settings$StorageUseActivity (from package com.android.settings)
//   - NOT USING main activity com.mipay.wallet.ui.MipayEntryActivity (from package com.mipay.wallet)
//   - NOT USING main activity com.miui.cloudbackup.ui.CloudBackupDetailActivity (from package com.miui.cloudbackup)
//   - NOT USING main activity com.miui.home.launcher.Launcher (from package com.miui.home)
//   - NOT USING main activity com.xiaomi.account.ui.AccountSettingsActivity (from package com.xiaomi.account)
//   - NOT USING main activity com.xiaomi.drivemode.UserGuideActivity (from package com.xiaomi.drivemode)
//   - NOT USING main activity com.xiaomi.payment.MiliCenterEntryActivity (from package com.xiaomi.payment)
//   - NOT USING main activity com.miui.personalassistant.ui.CardSettingsActivity (from package com.miui.personalassistant)
//   - NOT USING main activity com.miui.virtualsim.monkeyentry.MonkeyActivity (from package com.miui.virtualsim)
//   - NOT USING main activity com.xiaomi.drivemode.DriveModeSettingsActivity (from package com.xiaomi.drivemode)
//   - NOT USING main activity com.xiaomi.drivemode.DriveModeAnimActivity (from package com.xiaomi.drivemode)
//   - NOT USING main activity com.xiaomi.drivemode.MiuiLabDriveModeActivity (from package com.xiaomi.drivemode)
//   - NOT USING main activity com.xiaomi.vipaccount.ui.monkeyentry.MonkeyActivity (from package com.xiaomi.vipaccount)
// Seeded: 2333
// Event percentages:
//   0: 70.0%
//   1: 30.0%
//   2: 0.0%
//   3: 0.0%
//   4: -0.0%
//   5: -0.0%
//   6: 0.0%
//   7: 0.0%
//   8: 0.0%
//   9: 0.0%
//   10: 0.0%
//   11: 0.0%
:Switch: #Intent;action=android.intent.action.MAIN;category=android.intent.category.LAUNCHER;launchFlags=0x10200000;component=com.xiaomi.smarthome/.SmartHomeMainActivity;end
    // Allowing start of Intent { act=android.intent.action.MAIN cat=[android.intent.category.LAUNCHER] cmp=com.xiaomi.smarthome/.SmartHomeMainActivity } in package com.xiaomi.smarthome
    // Allowing start of Intent { act=android.intent.action.MAIN cat=[android.intent.category.LAUNCHER] cmp=com.xiaomi.smarthome/.SmartHomeMainActivity } in package com.xiaomi.smarthome
Sleeping for 200 milliseconds
    // activityResuming(com.xiaomi.smarthome)
    // activityResuming(com.xiaomi.smarthome)
:Sending Touch (ACTION_DOWN): 0:(850.0,1741.0)
Events injected: 1
:Sending rotation degree=0, persist=false
:Dropped: keys=0 pointers=0 trackballs=0 flips=0 rotations=0
## Network stats: elapsed time=251ms (0ms mobile, 0ms wifi, 251ms not connected)
